{
  "RSpec": {
    "coverage": {
      "/home/eseas/Dropbox/Programų sistemos/5 semestras/Judrusis programavimas Ruby/Car Spotter/Car_Spotter_v6/spec/models/car_finder_utility_spec.rb": [
        1,
        1,
        1,
        null,
        null,
        1,
        0,
        0,
        null,
        null,
        0,
        0,
        null,
        0,
        null,
        null
      ],
      "/home/eseas/Dropbox/Programų sistemos/5 semestras/Judrusis programavimas Ruby/Car Spotter/Car_Spotter_v6/spec/rails_helper.rb": [
        null,
        1,
        1,
        null,
        1,
        1,
        1,
        null,
        null,
        null,
        null,
        null,
        null,
        null,
        null,
        null,
        null,
        null,
        null,
        null,
        null,
        null,
        null,
        null,
        null,
        null,
        1,
        null,
        1,
        null,
        1,
        null,
        null,
        null,
        null,
        1,
        null,
        null,
        null,
        null,
        null,
        null,
        null,
        null,
        null,
        null,
        null,
        null,
        null,
        null,
        1,
        null,
        null,
        1,
        null,
        null,
        null
      ],
      "/home/eseas/Dropbox/Programų sistemos/5 semestras/Judrusis programavimas Ruby/Car Spotter/Car_Spotter_v6/app/helpers/application_helper.rb": [
        1,
        null
      ],
      "/home/eseas/Dropbox/Programų sistemos/5 semestras/Judrusis programavimas Ruby/Car Spotter/Car_Spotter_v6/app/models/car_finder_utility.rb": [
        null,
        null,
        1,
        1,
        0,
        0,
        0,
        0,
        null,
        null,
        1,
        0,
        0,
        null,
        null
      ],
      "/home/eseas/Dropbox/Programų sistemos/5 semestras/Judrusis programavimas Ruby/Car Spotter/Car_Spotter_v6/spec/models/car_spec.rb": [
        1,
        null,
        1,
        1,
        0,
        0,
        0,
        null,
        null
      ],
      "/home/eseas/Dropbox/Programų sistemos/5 semestras/Judrusis programavimas Ruby/Car Spotter/Car_Spotter_v6/app/models/car.rb": [
        null,
        null,
        1,
        1,
        1,
        1,
        null,
        1,
        null,
        1,
        0,
        null,
        null
      ],
      "/home/eseas/Dropbox/Programų sistemos/5 semestras/Judrusis programavimas Ruby/Car Spotter/Car_Spotter_v6/app/models/application_record.rb": [
        null,
        null,
        1,
        1,
        null
      ],
      "/home/eseas/Dropbox/Programų sistemos/5 semestras/Judrusis programavimas Ruby/Car Spotter/Car_Spotter_v6/spec/models/credential_spec.rb": [
        1,
        1,
        1,
        null,
        1,
        0,
        null,
        null,
        null,
        1,
        0,
        null,
        null,
        null,
        1,
        0,
        null,
        null,
        null,
        1,
        null,
        0,
        null,
        null,
        null,
        1,
        null,
        0,
        null,
        null,
        null
      ],
      "/home/eseas/Dropbox/Programų sistemos/5 semestras/Judrusis programavimas Ruby/Car Spotter/Car_Spotter_v6/app/models/credential.rb": [
        null,
        null,
        1,
        1,
        null,
        1,
        1,
        null,
        null,
        1,
        0,
        null,
        null
      ],
      "/home/eseas/Dropbox/Programų sistemos/5 semestras/Judrusis programavimas Ruby/Car Spotter/Car_Spotter_v6/spec/models/customer_spec.rb": [
        1,
        1,
        1,
        1,
        0,
        null,
        null,
        1,
        0,
        null,
        0,
        null,
        0,
        null,
        null,
        1,
        0,
        null,
        0,
        0,
        null,
        null,
        1,
        0,
        null,
        0,
        0,
        null,
        null,
        1,
        null,
        0,
        null,
        0,
        0,
        null,
        null
      ],
      "/home/eseas/Dropbox/Programų sistemos/5 semestras/Judrusis programavimas Ruby/Car Spotter/Car_Spotter_v6/app/models/customer.rb": [
        null,
        null,
        1,
        1,
        null,
        1,
        null,
        1,
        0,
        0,
        null,
        null,
        1,
        0,
        0,
        null,
        null,
        1,
        0,
        0,
        null,
        null,
        1,
        null,
        0,
        null,
        null,
        null
      ],
      "/home/eseas/Dropbox/Programų sistemos/5 semestras/Judrusis programavimas Ruby/Car Spotter/Car_Spotter_v6/spec/models/decoder_utility_spec.rb": [
        1,
        1,
        1,
        1,
        1,
        1,
        1,
        0,
        0,
        0,
        0,
        null,
        0,
        0,
        null,
        0,
        0,
        0,
        null,
        null,
        1,
        0,
        null,
        0,
        null,
        null,
        1,
        0,
        0,
        null,
        null,
        1,
        0,
        null,
        0,
        null,
        null,
        1,
        0,
        null,
        0,
        null,
        null,
        1,
        0,
        null,
        null
      ],
      "/home/eseas/Dropbox/Programų sistemos/5 semestras/Judrusis programavimas Ruby/Car Spotter/Car_Spotter_v6/app/models/decoder_utility.rb": [
        null,
        null,
        1,
        1,
        0,
        0,
        null,
        null,
        1,
        0,
        null,
        0,
        0,
        0,
        null,
        null,
        0,
        0,
        null,
        0,
        null,
        0,
        null,
        null,
        1,
        0,
        null,
        null,
        null,
        null
      ],
      "/home/eseas/Dropbox/Programų sistemos/5 semestras/Judrusis programavimas Ruby/Car Spotter/Car_Spotter_v6/spec/models/photo_spec.rb": [
        1,
        null,
        1,
        1,
        0,
        0,
        0,
        null,
        null
      ],
      "/home/eseas/Dropbox/Programų sistemos/5 semestras/Judrusis programavimas Ruby/Car Spotter/Car_Spotter_v6/app/models/photo.rb": [
        null,
        null,
        1,
        1,
        null,
        1,
        0,
        null,
        null
      ],
      "/home/eseas/Dropbox/Programų sistemos/5 semestras/Judrusis programavimas Ruby/Car Spotter/Car_Spotter_v6/spec/models/price_utility_spec.rb": [
        1,
        1,
        1,
        0,
        null,
        null,
        1,
        0,
        null,
        null
      ],
      "/home/eseas/Dropbox/Programų sistemos/5 semestras/Judrusis programavimas Ruby/Car Spotter/Car_Spotter_v6/app/models/price_utility.rb": [
        null,
        null,
        1,
        1,
        0,
        null,
        null,
        1,
        0,
        null,
        null
      ],
      "/home/eseas/Dropbox/Programų sistemos/5 semestras/Judrusis programavimas Ruby/Car Spotter/Car_Spotter_v6/spec/models/session_spec.rb": [
        1,
        1,
        1,
        null,
        1,
        0,
        0,
        0,
        null,
        null,
        1,
        0,
        0,
        null,
        null,
        1,
        0,
        0,
        0,
        0,
        null,
        null,
        1,
        0,
        0,
        0,
        0,
        null,
        null,
        1,
        0,
        null,
        0,
        0,
        null,
        null,
        0,
        null,
        null,
        1,
        0,
        0,
        null,
        null,
        null,
        0,
        null,
        null,
        1,
        0,
        0,
        0,
        null,
        null,
        0,
        0,
        null,
        null,
        0,
        null,
        null
      ],
      "/home/eseas/Dropbox/Programų sistemos/5 semestras/Judrusis programavimas Ruby/Car Spotter/Car_Spotter_v6/app/models/session.rb": [
        null,
        null,
        1,
        1,
        1,
        1,
        1,
        null,
        1,
        1,
        null,
        1,
        0,
        null,
        null
      ],
      "/home/eseas/Dropbox/Programų sistemos/5 semestras/Judrusis programavimas Ruby/Car Spotter/Car_Spotter_v6/spec/models/statistic_utility_spec.rb": [
        1,
        1,
        1,
        0,
        null,
        null,
        1,
        0,
        null,
        null,
        1,
        0,
        null,
        null
      ],
      "/home/eseas/Dropbox/Programų sistemos/5 semestras/Judrusis programavimas Ruby/Car Spotter/Car_Spotter_v6/app/models/statistic_utility.rb": [
        null,
        null,
        null,
        null,
        1,
        1,
        0,
        null,
        null,
        1,
        0,
        null,
        null,
        1,
        0,
        null,
        null
      ]
    },
    "timestamp": 1480718714
  }
}
